[5431:1223/222742:ERROR:browser_main_loop.cc(173)] Running without the SUID sandbox! See https://code.google.com/p/chromium/wiki/LinuxSUIDSandboxDevelopment for more information on developing with the sandbox on.
[5431:1223/222742:WARNING:accelerator_util.cc(185)] Invalid accelerator token: command
[5431:1223/222742:WARNING:accelerator_util.cc(185)] Invalid accelerator token: command
[5431:1223/222742:WARNING:accelerator_util.cc(185)] Invalid accelerator token: command
[5431:1223/222742:WARNING:accelerator_util.cc(185)] Invalid accelerator token: command
[5472:1223/222742:INFO:renderer_main.cc(200)] Renderer process started
[5431:1223/222743:WARNING:accelerator_util.cc(185)] Invalid accelerator token: command
[5431:1223/222743:WARNING:accelerator_util.cc(185)] Invalid accelerator token: command
[5431:1223/222743:WARNING:accelerator_util.cc(185)] Invalid accelerator token: command
[5431:1223/222743:WARNING:accelerator_util.cc(185)] Invalid accelerator token: command
App load time: 634ms
[5477:1223/222743:INFO:renderer_main.cc(200)] Renderer process started
[5431:1223/222743:WARNING:accelerator_util.cc(185)] Invalid accelerator token: command
[5431:1223/222743:WARNING:accelerator_util.cc(185)] Invalid accelerator token: command
[5431:1223/222743:WARNING:accelerator_util.cc(185)] Invalid accelerator token: command
[5431:1223/222743:WARNING:accelerator_util.cc(185)] Invalid accelerator token: command
[5431:1223/222743:WARNING:accelerator_util.cc(185)] Invalid accelerator token: command
[5431:1223/222743:WARNING:accelerator_util.cc(185)] Invalid accelerator token: command
[5431:1223/222743:WARNING:accelerator_util.cc(185)] Invalid accelerator token: command
[5431:1223/222743:WARNING:accelerator_util.cc(185)] Invalid accelerator token: command
[5431:1223/222745:INFO:CONSOLE(29)] "activate linter-slim", source: /home/yoda/.atom/packages/linter-slim/lib/init.coffee (29)
[5431:1223/222745:INFO:CONSOLE(29)] "activate linter-slim", source: /home/yoda/.atom/packages/linter-slim/lib/init.coffee (29)
[5431:1223/222746:INFO:CONSOLE(46)] "Window load time: 2698ms", source: file:///usr/share/atom/resources/app.asar/static/index.js (46)
[5431:1223/222746:INFO:CONSOLE(46)] "Window load time: 2804ms", source: file:///usr/share/atom/resources/app.asar/static/index.js (46)
[5461:1223/222746:ERROR:gles2_cmd_decoder.cc(11539)] [GroupMarkerNotSet(crbug.com/242999)!:D0A84D60DF0F0000]GL ERROR :GL_INVALID_OPERATION : glTexStorage2DEXT: <- error from previous GL command
[5461:1223/222748:ERROR:gles2_cmd_decoder.cc(11539)] [GroupMarkerNotSet(crbug.com/242999)!:D0861D5DDF0F0000]GL ERROR :GL_INVALID_OPERATION : glTexStorage2DEXT: <- error from previous GL command
